{
  "stats": {
    "suites": 1,
    "tests": 3,
    "passes": 3,
    "pending": 0,
    "failures": 0,
    "start": "2021-10-26T01:12:18.883Z",
    "end": "2021-10-26T01:12:21.822Z",
    "duration": 2939,
    "testsRegistered": 3,
    "passPercent": 100,
    "pendingPercent": 0,
    "other": 0,
    "hasOther": false,
    "skipped": 0,
    "hasSkipped": false
  },
  "results": [
    {
      "uuid": "9c7e6ade-baa0-4911-ab8c-2fa1cad53b7c",
      "title": "",
      "fullFile": "cypress/integration/listagem.spec.js",
      "file": "cypress/integration/listagem.spec.js",
      "beforeHooks": [],
      "afterHooks": [],
      "tests": [],
      "suites": [
        {
          "uuid": "abab1134-8d08-4007-9c6d-172341941b7c",
          "title": "",
          "fullFile": "",
          "file": "",
          "beforeHooks": [],
          "afterHooks": [],
          "tests": [
            {
              "title": "Quando não houver cadastros, então a listagem deve estar vazia",
              "fullTitle": " Quando não houver cadastros, então a listagem deve estar vazia",
              "timedOut": null,
              "duration": 788,
              "state": "passed",
              "speed": "fast",
              "pass": true,
              "fail": false,
              "pending": false,
              "context": null,
              "code": "cy.fixture('listagem-sem-itens').then(data => {\n  window.localStorage.setItem('data', JSON.stringify(data));\n});\ncy.visit(\"https://form-agilizei.netlify.app/listagem.html\");\ncy.get('table tbody tr').should('have.length', 0);",
              "err": {},
              "uuid": "f302eb81-1cc3-4076-8374-ca806dab4667",
              "parentUUID": "abab1134-8d08-4007-9c6d-172341941b7c",
              "isHook": false,
              "skipped": false
            },
            {
              "title": "Quando houver uma ou mais cadastros, então a listagem deve estar preenchida",
              "fullTitle": " Quando houver uma ou mais cadastros, então a listagem deve estar preenchida",
              "timedOut": null,
              "duration": 306,
              "state": "passed",
              "speed": "fast",
              "pass": true,
              "fail": false,
              "pending": false,
              "context": null,
              "code": "cy.fixture('listagem-com-itens').then(data => {\n  window.localStorage.setItem('data', JSON.stringify(data));\n});\ncy.visit(\"https://form-agilizei.netlify.app/listagem.html\");\ncy.get('table tbody tr').should('have.length', 2);",
              "err": {},
              "uuid": "dd1069e2-80e8-45a0-bbe3-272d2aa53402",
              "parentUUID": "abab1134-8d08-4007-9c6d-172341941b7c",
              "isHook": false,
              "skipped": false
            },
            {
              "title": "Quando houver uma ou mais cadastros, então a listagem deve trazer o nome de um dos filhos",
              "fullTitle": " Quando houver uma ou mais cadastros, então a listagem deve trazer o nome de um dos filhos",
              "timedOut": null,
              "duration": 369,
              "state": "passed",
              "speed": "fast",
              "pass": true,
              "fail": false,
              "pending": false,
              "context": null,
              "code": "cy.fixture('listagem-com-itens').then(data => {\n  window.localStorage.setItem('data', JSON.stringify(data));\n});\ncy.visit(\"https://form-agilizei.netlify.app/listagem.html\");\ncy.get('table tbody tr').should('have.length', 2);\ncy.get('table tbody').children().should('contain', ' SANDRO');",
              "err": {},
              "uuid": "bcc257bd-10a7-4876-a959-e62654c0b4a0",
              "parentUUID": "abab1134-8d08-4007-9c6d-172341941b7c",
              "isHook": false,
              "skipped": false
            }
          ],
          "suites": [],
          "passes": [
            "f302eb81-1cc3-4076-8374-ca806dab4667",
            "dd1069e2-80e8-45a0-bbe3-272d2aa53402",
            "bcc257bd-10a7-4876-a959-e62654c0b4a0"
          ],
          "failures": [],
          "pending": [],
          "skipped": [],
          "duration": 1463,
          "root": false,
          "rootEmpty": false,
          "_timeout": 2000
        }
      ],
      "passes": [],
      "failures": [],
      "pending": [],
      "skipped": [],
      "duration": 0,
      "root": true,
      "rootEmpty": true,
      "_timeout": 2000
    }
  ],
  "meta": {
    "mocha": {
      "version": "7.0.1"
    },
    "mochawesome": {
      "options": {
        "quiet": true,
        "reportFilename": "mochawesome",
        "saveHtml": false,
        "saveJson": true,
        "consoleReporter": "spec",
        "useInlineDiffs": false,
        "code": true
      },
      "version": "6.3.1"
    },
    "marge": {
      "options": {
        "id": "default",
        "reportDir": "mochawesome-report",
        "quiet": true,
        "overwrite": false,
        "html": false,
        "json": true
      },
      "version": "5.2.0"
    }
  }
}