{
  "stats": {
    "suites": 1,
    "tests": 2,
    "passes": 2,
    "pending": 0,
    "failures": 0,
    "start": "2021-10-26T00:52:45.555Z",
    "end": "2021-10-26T00:52:48.662Z",
    "duration": 3107,
    "testsRegistered": 2,
    "passPercent": 100,
    "pendingPercent": 0,
    "other": 0,
    "hasOther": false,
    "skipped": 0,
    "hasSkipped": false
  },
  "results": [
    {
      "uuid": "8acd1485-edcc-4003-b9dd-5d00c333dc1e",
      "title": "",
      "fullFile": "cypress/integration/listagem.spec.js",
      "file": "cypress/integration/listagem.spec.js",
      "beforeHooks": [],
      "afterHooks": [],
      "tests": [],
      "suites": [
        {
          "uuid": "529d6e2f-9941-4c10-824f-9e56f0b3b54d",
          "title": "",
          "fullFile": "",
          "file": "",
          "beforeHooks": [],
          "afterHooks": [],
          "tests": [
            {
              "title": "Quando não houver cadastros, então a listagem deve estar vazia",
              "fullTitle": " Quando não houver cadastros, então a listagem deve estar vazia",
              "timedOut": null,
              "duration": 828,
              "state": "passed",
              "speed": "fast",
              "pass": true,
              "fail": false,
              "pending": false,
              "context": null,
              "code": "cy.fixture('listagem-sem-itens').then(data => {\n  window.localStorage.setItem('data', JSON.stringify(data));\n});\ncy.visit(\"https://form-agilizei.netlify.app/listagem.html\");\ncy.get('table tbody tr').should('have.length', 0);",
              "err": {},
              "uuid": "093575a5-31e5-4813-909c-d9b69703920c",
              "parentUUID": "529d6e2f-9941-4c10-824f-9e56f0b3b54d",
              "isHook": false,
              "skipped": false
            },
            {
              "title": "Quando houver uma ou mais cadastros, então a listagem deve estar preenchida",
              "fullTitle": " Quando houver uma ou mais cadastros, então a listagem deve estar preenchida",
              "timedOut": null,
              "duration": 525,
              "state": "passed",
              "speed": "fast",
              "pass": true,
              "fail": false,
              "pending": false,
              "context": null,
              "code": "cy.fixture('listagem-com-itens').then(data => {\n  window.localStorage.setItem('data', JSON.stringify(data));\n});\ncy.visit(\"https://form-agilizei.netlify.app/listagem.html\");\ncy.get('table tbody tr').should('have.length', 2);\ncy.get('table tbody').children().should('contain', ' SANDRO');",
              "err": {},
              "uuid": "ac03fb4a-c235-42e2-ae2b-f27c95fbf90a",
              "parentUUID": "529d6e2f-9941-4c10-824f-9e56f0b3b54d",
              "isHook": false,
              "skipped": false
            }
          ],
          "suites": [],
          "passes": [
            "093575a5-31e5-4813-909c-d9b69703920c",
            "ac03fb4a-c235-42e2-ae2b-f27c95fbf90a"
          ],
          "failures": [],
          "pending": [],
          "skipped": [],
          "duration": 1353,
          "root": false,
          "rootEmpty": false,
          "_timeout": 2000
        }
      ],
      "passes": [],
      "failures": [],
      "pending": [],
      "skipped": [],
      "duration": 0,
      "root": true,
      "rootEmpty": true,
      "_timeout": 2000
    }
  ],
  "meta": {
    "mocha": {
      "version": "7.0.1"
    },
    "mochawesome": {
      "options": {
        "quiet": true,
        "reportFilename": "mochawesome",
        "saveHtml": false,
        "saveJson": true,
        "consoleReporter": "spec",
        "useInlineDiffs": false,
        "code": true
      },
      "version": "6.3.1"
    },
    "marge": {
      "options": {
        "id": "default",
        "reportDir": "mochawesome-report",
        "quiet": true,
        "overwrite": false,
        "html": false,
        "json": true
      },
      "version": "5.2.0"
    }
  }
}